<?xml version="1.0" encoding="UTF-8"?>
<testsuite xmlns:xsi="http://www.w3.org/2001/XMLSchema-instance" xsi:noNamespaceSchemaLocation="https://maven.apache.org/surefire/maven-surefire-plugin/xsd/surefire-test-report.xsd" name="com.example.baze2.TuristickaAgencijaApplicationTests" time="0.501" tests="1" errors="1" skipped="0" failures="0">
  <properties>
[...]
</properties>
  <testcase name="com.example.baze2.TuristickaAgencijaApplicationTests" classname="com.example.baze2.TuristickaAgencijaApplicationTests" time="0.499">
    <error message="Cannot invoke &quot;java.lang.Class.getName()&quot; because &quot;found&quot; is null" type="java.lang.NullPointerException">java.lang.NullPointerException: Cannot invoke "java.lang.Class.getName()" because "found" is null
</error>
    <system-out><![CDATA[16:13:22.747 [main] DEBUG org.springframework.boot.test.context.SpringBootTestContextBootstrapper - Neither @ContextConfiguration nor @ContextHierarchy found for test class [TuristickaAgencijaApplicationTests]: using SpringBootContextLoader
16:13:22.755 [main] DEBUG org.springframework.test.context.support.AbstractContextLoader - Could not detect default resource locations for test class [com.example.baze2.TuristickaAgencijaApplicationTests]: no resource found for suffixes {-context.xml, Context.groovy}.
16:13:22.756 [main] INFO org.springframework.test.context.support.AnnotationConfigContextLoaderUtils - Could not detect default configuration classes for test class [com.example.baze2.TuristickaAgencijaApplicationTests]: TuristickaAgencijaApplicationTests does not declare any static, non-private, non-final, nested classes annotated with @Configuration.
16:13:22.804 [main] DEBUG org.springframework.boot.test.context.SpringBootTestContextBootstrapper - Using ContextCustomizers for test class [TuristickaAgencijaApplicationTests]: [ExcludeFilterContextCustomizer, DuplicateJsonObjectContextCustomizer, MockitoContextCustomizer, TestRestTemplateContextCustomizer, DisableObservabilityContextCustomizer, PropertyMappingContextCustomizer, Customizer]
]]></system-out>
  </testcase>
</testsuite>